<?xml version="1.0" encoding="UTF-8"?>
<testng-results ignored="0" total="3" passed="3" failed="0" skipped="0">
  <reporter-output>
  </reporter-output>
  <suite started-at="2024-07-16T00:33:59 IST" name="Suite" finished-at="2024-07-16T00:34:00 IST" duration-ms="108">
    <groups>
    </groups>
    <test started-at="2024-07-16T00:33:59 IST" name="Savings account" finished-at="2024-07-16T00:34:00 IST" duration-ms="108">
      <class name="abc.test1">
        <test-method is-config="true" signature="far()[pri:0, instance:abc.test1@7a69b07]" started-at="2024-07-16T00:34:00 IST" name="far" finished-at="2024-07-16T00:34:00 IST" duration-ms="2" status="PASS">
          <reporter-output>
          </reporter-output>
        </test-method> <!-- far -->
        <test-method signature="near()[pri:0, instance:abc.test1@7a69b07]" started-at="2024-07-16T00:34:00 IST" name="near" finished-at="2024-07-16T00:34:00 IST" duration-ms="4" status="PASS">
          <reporter-output>
          </reporter-output>
        </test-method> <!-- near -->
      </class> <!-- abc.test1 -->
      <class name="abc.test">
        <test-method signature="day()[pri:0, instance:abc.test@6f96c77]" started-at="2024-07-16T00:34:00 IST" name="day" finished-at="2024-07-16T00:34:00 IST" duration-ms="26" status="PASS">
          <reporter-output>
          </reporter-output>
        </test-method> <!-- day -->
        <test-method is-config="true" signature="eve()[pri:0, instance:abc.test@6f96c77]" started-at="2024-07-16T00:34:00 IST" name="eve" finished-at="2024-07-16T00:34:00 IST" duration-ms="2" status="PASS">
          <reporter-output>
          </reporter-output>
        </test-method> <!-- eve -->
      </class> <!-- abc.test -->
      <class name="abc.test2">
        <test-method signature="get()[pri:0, instance:abc.test2@5e82df6a]" started-at="2024-07-16T00:34:00 IST" name="get" finished-at="2024-07-16T00:34:00 IST" duration-ms="2" status="PASS">
          <reporter-output>
          </reporter-output>
        </test-method> <!-- get -->
      </class> <!-- abc.test2 -->
    </test> <!-- Savings account -->
  </suite> <!-- Suite -->
</testng-results>
